26-Sep-2024 04:19:21.397 INFO [main] org.apache.catalina.startup.VersionLoggerListener.log Server version name:   Apache Tomcat/10.1.30
26-Sep-2024 04:19:21.411 INFO [main] org.apache.catalina.startup.VersionLoggerListener.log Server built:          Sep 13 2024 20:26:16 UTC
26-Sep-2024 04:19:21.411 INFO [main] org.apache.catalina.startup.VersionLoggerListener.log Server version number: 10.1.30.0
26-Sep-2024 04:19:21.411 INFO [main] org.apache.catalina.startup.VersionLoggerListener.log OS Name:               Linux
26-Sep-2024 04:19:21.412 INFO [main] org.apache.catalina.startup.VersionLoggerListener.log OS Version:            6.8.0-1014-azure
26-Sep-2024 04:19:21.412 INFO [main] org.apache.catalina.startup.VersionLoggerListener.log Architecture:          amd64
26-Sep-2024 04:19:21.413 INFO [main] org.apache.catalina.startup.VersionLoggerListener.log Java Home:             /usr/local/sdkman/candidates/java/21.0.4-ms
26-Sep-2024 04:19:21.414 INFO [main] org.apache.catalina.startup.VersionLoggerListener.log JVM Version:           21.0.4+7-LTS
26-Sep-2024 04:19:21.414 INFO [main] org.apache.catalina.startup.VersionLoggerListener.log JVM Vendor:            Microsoft
26-Sep-2024 04:19:21.414 INFO [main] org.apache.catalina.startup.VersionLoggerListener.log CATALINA_BASE:         /workspaces/JSPTOMCAT/apache-tomcat-10.1.30
26-Sep-2024 04:19:21.414 INFO [main] org.apache.catalina.startup.VersionLoggerListener.log CATALINA_HOME:         /workspaces/JSPTOMCAT/apache-tomcat-10.1.30
26-Sep-2024 04:19:21.447 INFO [main] org.apache.catalina.startup.VersionLoggerListener.log Command line argument: -Djava.util.logging.config.file=/workspaces/JSPTOMCAT/apache-tomcat-10.1.30/conf/logging.properties
26-Sep-2024 04:19:21.449 INFO [main] org.apache.catalina.startup.VersionLoggerListener.log Command line argument: -Djava.util.logging.manager=org.apache.juli.ClassLoaderLogManager
26-Sep-2024 04:19:21.449 INFO [main] org.apache.catalina.startup.VersionLoggerListener.log Command line argument: -Djdk.tls.ephemeralDHKeySize=2048
26-Sep-2024 04:19:21.450 INFO [main] org.apache.catalina.startup.VersionLoggerListener.log Command line argument: -Djava.protocol.handler.pkgs=org.apache.catalina.webresources
26-Sep-2024 04:19:21.450 INFO [main] org.apache.catalina.startup.VersionLoggerListener.log Command line argument: -Dorg.apache.catalina.security.SecurityListener.UMASK=0027
26-Sep-2024 04:19:21.450 INFO [main] org.apache.catalina.startup.VersionLoggerListener.log Command line argument: --add-opens=java.base/java.lang=ALL-UNNAMED
26-Sep-2024 04:19:21.450 INFO [main] org.apache.catalina.startup.VersionLoggerListener.log Command line argument: --add-opens=java.base/java.io=ALL-UNNAMED
26-Sep-2024 04:19:21.450 INFO [main] org.apache.catalina.startup.VersionLoggerListener.log Command line argument: --add-opens=java.base/java.util=ALL-UNNAMED
26-Sep-2024 04:19:21.450 INFO [main] org.apache.catalina.startup.VersionLoggerListener.log Command line argument: --add-opens=java.base/java.util.concurrent=ALL-UNNAMED
26-Sep-2024 04:19:21.450 INFO [main] org.apache.catalina.startup.VersionLoggerListener.log Command line argument: --add-opens=java.rmi/sun.rmi.transport=ALL-UNNAMED
26-Sep-2024 04:19:21.450 INFO [main] org.apache.catalina.startup.VersionLoggerListener.log Command line argument: -Dcatalina.base=/workspaces/JSPTOMCAT/apache-tomcat-10.1.30
26-Sep-2024 04:19:21.451 INFO [main] org.apache.catalina.startup.VersionLoggerListener.log Command line argument: -Dcatalina.home=/workspaces/JSPTOMCAT/apache-tomcat-10.1.30
26-Sep-2024 04:19:21.451 INFO [main] org.apache.catalina.startup.VersionLoggerListener.log Command line argument: -Djava.io.tmpdir=/workspaces/JSPTOMCAT/apache-tomcat-10.1.30/temp
26-Sep-2024 04:19:21.454 INFO [main] org.apache.catalina.core.AprLifecycleListener.lifecycleEvent The Apache Tomcat Native library which allows using OpenSSL was not found on the java.library.path: [/usr/java/packages/lib:/usr/lib64:/lib64:/lib:/usr/lib]
26-Sep-2024 04:19:22.039 INFO [main] org.apache.coyote.AbstractProtocol.init Initializing ProtocolHandler ["http-nio-8080"]
26-Sep-2024 04:19:22.072 INFO [main] org.apache.catalina.startup.Catalina.load Server initialization in [948] milliseconds
26-Sep-2024 04:19:22.139 INFO [main] org.apache.catalina.core.StandardService.startInternal Starting service [Catalina]
26-Sep-2024 04:19:22.140 INFO [main] org.apache.catalina.core.StandardEngine.startInternal Starting Servlet engine: [Apache Tomcat/10.1.30]
26-Sep-2024 04:19:22.148 INFO [main] org.apache.catalina.startup.HostConfig.deployDirectory Deploying web application directory [/workspaces/JSPTOMCAT/apache-tomcat-10.1.30/webapps/manager]
26-Sep-2024 04:19:22.623 INFO [main] org.apache.catalina.startup.HostConfig.deployDirectory Deployment of web application directory [/workspaces/JSPTOMCAT/apache-tomcat-10.1.30/webapps/manager] has finished in [474] ms
26-Sep-2024 04:19:22.624 INFO [main] org.apache.catalina.startup.HostConfig.deployDirectory Deploying web application directory [/workspaces/JSPTOMCAT/apache-tomcat-10.1.30/webapps/docs]
26-Sep-2024 04:19:22.660 INFO [main] org.apache.catalina.startup.HostConfig.deployDirectory Deployment of web application directory [/workspaces/JSPTOMCAT/apache-tomcat-10.1.30/webapps/docs] has finished in [36] ms
26-Sep-2024 04:19:22.661 INFO [main] org.apache.catalina.startup.HostConfig.deployDirectory Deploying web application directory [/workspaces/JSPTOMCAT/apache-tomcat-10.1.30/webapps/ROOT]
26-Sep-2024 04:19:22.696 INFO [main] org.apache.catalina.startup.HostConfig.deployDirectory Deployment of web application directory [/workspaces/JSPTOMCAT/apache-tomcat-10.1.30/webapps/ROOT] has finished in [34] ms
26-Sep-2024 04:19:22.696 INFO [main] org.apache.catalina.startup.HostConfig.deployDirectory Deploying web application directory [/workspaces/JSPTOMCAT/apache-tomcat-10.1.30/webapps/host-manager]
26-Sep-2024 04:19:22.730 INFO [main] org.apache.catalina.startup.HostConfig.deployDirectory Deployment of web application directory [/workspaces/JSPTOMCAT/apache-tomcat-10.1.30/webapps/host-manager] has finished in [34] ms
26-Sep-2024 04:19:22.731 INFO [main] org.apache.catalina.startup.HostConfig.deployDirectory Deploying web application directory [/workspaces/JSPTOMCAT/apache-tomcat-10.1.30/webapps/examples]
26-Sep-2024 04:19:23.042 INFO [main] org.apache.catalina.startup.HostConfig.deployDirectory Deployment of web application directory [/workspaces/JSPTOMCAT/apache-tomcat-10.1.30/webapps/examples] has finished in [312] ms
26-Sep-2024 04:19:23.046 INFO [main] org.apache.coyote.AbstractProtocol.start Starting ProtocolHandler ["http-nio-8080"]
26-Sep-2024 04:19:23.059 INFO [main] org.apache.catalina.startup.Catalina.start Server startup in [985] milliseconds
26-Sep-2024 04:22:33.073 INFO [Catalina-utility-1] org.apache.catalina.startup.HostConfig.reload Reloading context []
26-Sep-2024 04:22:33.073 INFO [Catalina-utility-1] org.apache.catalina.core.StandardContext.reload Reloading Context with name [] has started
26-Sep-2024 04:22:33.203 INFO [Catalina-utility-1] org.apache.catalina.core.StandardContext.reload Reloading Context with name [] is completed
26-Sep-2024 04:22:58.290 INFO [main] org.apache.catalina.core.StandardServer.await A valid shutdown command was received via the shutdown port. Stopping the Server instance.
26-Sep-2024 04:22:58.291 INFO [main] org.apache.coyote.AbstractProtocol.pause Pausing ProtocolHandler ["http-nio-8080"]
26-Sep-2024 04:22:58.296 INFO [main] org.apache.catalina.core.StandardService.stopInternal Stopping service [Catalina]
26-Sep-2024 04:22:58.314 INFO [main] org.apache.coyote.AbstractProtocol.stop Stopping ProtocolHandler ["http-nio-8080"]
26-Sep-2024 04:22:58.320 INFO [main] org.apache.coyote.AbstractProtocol.destroy Destroying ProtocolHandler ["http-nio-8080"]
26-Sep-2024 04:22:58.877 INFO [main] org.apache.catalina.startup.VersionLoggerListener.log Server version name:   Apache Tomcat/10.1.30
26-Sep-2024 04:22:58.883 INFO [main] org.apache.catalina.startup.VersionLoggerListener.log Server built:          Sep 13 2024 20:26:16 UTC
26-Sep-2024 04:22:58.883 INFO [main] org.apache.catalina.startup.VersionLoggerListener.log Server version number: 10.1.30.0
26-Sep-2024 04:22:58.885 INFO [main] org.apache.catalina.startup.VersionLoggerListener.log OS Name:               Linux
26-Sep-2024 04:22:58.885 INFO [main] org.apache.catalina.startup.VersionLoggerListener.log OS Version:            6.8.0-1014-azure
26-Sep-2024 04:22:58.886 INFO [main] org.apache.catalina.startup.VersionLoggerListener.log Architecture:          amd64
26-Sep-2024 04:22:58.886 INFO [main] org.apache.catalina.startup.VersionLoggerListener.log Java Home:             /usr/local/sdkman/candidates/java/21.0.4-ms
26-Sep-2024 04:22:58.886 INFO [main] org.apache.catalina.startup.VersionLoggerListener.log JVM Version:           21.0.4+7-LTS
26-Sep-2024 04:22:58.886 INFO [main] org.apache.catalina.startup.VersionLoggerListener.log JVM Vendor:            Microsoft
26-Sep-2024 04:22:58.890 INFO [main] org.apache.catalina.startup.VersionLoggerListener.log CATALINA_BASE:         /workspaces/JSPTOMCAT/apache-tomcat-10.1.30
26-Sep-2024 04:22:58.890 INFO [main] org.apache.catalina.startup.VersionLoggerListener.log CATALINA_HOME:         /workspaces/JSPTOMCAT/apache-tomcat-10.1.30
26-Sep-2024 04:22:58.901 INFO [main] org.apache.catalina.startup.VersionLoggerListener.log Command line argument: -Djava.util.logging.config.file=/workspaces/JSPTOMCAT/apache-tomcat-10.1.30/conf/logging.properties
26-Sep-2024 04:22:58.901 INFO [main] org.apache.catalina.startup.VersionLoggerListener.log Command line argument: -Djava.util.logging.manager=org.apache.juli.ClassLoaderLogManager
26-Sep-2024 04:22:58.901 INFO [main] org.apache.catalina.startup.VersionLoggerListener.log Command line argument: -Djdk.tls.ephemeralDHKeySize=2048
26-Sep-2024 04:22:58.901 INFO [main] org.apache.catalina.startup.VersionLoggerListener.log Command line argument: -Djava.protocol.handler.pkgs=org.apache.catalina.webresources
26-Sep-2024 04:22:58.901 INFO [main] org.apache.catalina.startup.VersionLoggerListener.log Command line argument: -Dorg.apache.catalina.security.SecurityListener.UMASK=0027
26-Sep-2024 04:22:58.901 INFO [main] org.apache.catalina.startup.VersionLoggerListener.log Command line argument: --add-opens=java.base/java.lang=ALL-UNNAMED
26-Sep-2024 04:22:58.903 INFO [main] org.apache.catalina.startup.VersionLoggerListener.log Command line argument: --add-opens=java.base/java.io=ALL-UNNAMED
26-Sep-2024 04:22:58.903 INFO [main] org.apache.catalina.startup.VersionLoggerListener.log Command line argument: --add-opens=java.base/java.util=ALL-UNNAMED
26-Sep-2024 04:22:58.903 INFO [main] org.apache.catalina.startup.VersionLoggerListener.log Command line argument: --add-opens=java.base/java.util.concurrent=ALL-UNNAMED
26-Sep-2024 04:22:58.903 INFO [main] org.apache.catalina.startup.VersionLoggerListener.log Command line argument: --add-opens=java.rmi/sun.rmi.transport=ALL-UNNAMED
26-Sep-2024 04:22:58.903 INFO [main] org.apache.catalina.startup.VersionLoggerListener.log Command line argument: -Dcatalina.base=/workspaces/JSPTOMCAT/apache-tomcat-10.1.30
26-Sep-2024 04:22:58.904 INFO [main] org.apache.catalina.startup.VersionLoggerListener.log Command line argument: -Dcatalina.home=/workspaces/JSPTOMCAT/apache-tomcat-10.1.30
26-Sep-2024 04:22:58.904 INFO [main] org.apache.catalina.startup.VersionLoggerListener.log Command line argument: -Djava.io.tmpdir=/workspaces/JSPTOMCAT/apache-tomcat-10.1.30/temp
26-Sep-2024 04:22:58.906 INFO [main] org.apache.catalina.core.AprLifecycleListener.lifecycleEvent The Apache Tomcat Native library which allows using OpenSSL was not found on the java.library.path: [/usr/java/packages/lib:/usr/lib64:/lib64:/lib:/usr/lib]
26-Sep-2024 04:22:59.487 INFO [main] org.apache.coyote.AbstractProtocol.init Initializing ProtocolHandler ["http-nio-8080"]
26-Sep-2024 04:22:59.529 INFO [main] org.apache.catalina.startup.Catalina.load Server initialization in [861] milliseconds
26-Sep-2024 04:22:59.590 INFO [main] org.apache.catalina.core.StandardService.startInternal Starting service [Catalina]
26-Sep-2024 04:22:59.591 INFO [main] org.apache.catalina.core.StandardEngine.startInternal Starting Servlet engine: [Apache Tomcat/10.1.30]
26-Sep-2024 04:22:59.601 INFO [main] org.apache.catalina.startup.HostConfig.deployDirectory Deploying web application directory [/workspaces/JSPTOMCAT/apache-tomcat-10.1.30/webapps/manager]
26-Sep-2024 04:23:00.010 INFO [main] org.apache.catalina.startup.HostConfig.deployDirectory Deployment of web application directory [/workspaces/JSPTOMCAT/apache-tomcat-10.1.30/webapps/manager] has finished in [408] ms
26-Sep-2024 04:23:00.011 INFO [main] org.apache.catalina.startup.HostConfig.deployDirectory Deploying web application directory [/workspaces/JSPTOMCAT/apache-tomcat-10.1.30/webapps/docs]
26-Sep-2024 04:23:00.035 INFO [main] org.apache.catalina.startup.HostConfig.deployDirectory Deployment of web application directory [/workspaces/JSPTOMCAT/apache-tomcat-10.1.30/webapps/docs] has finished in [24] ms
26-Sep-2024 04:23:00.038 INFO [main] org.apache.catalina.startup.HostConfig.deployDirectory Deploying web application directory [/workspaces/JSPTOMCAT/apache-tomcat-10.1.30/webapps/ROOT]
26-Sep-2024 04:23:00.248 INFO [main] org.apache.catalina.startup.HostConfig.deployDirectory Deployment of web application directory [/workspaces/JSPTOMCAT/apache-tomcat-10.1.30/webapps/ROOT] has finished in [209] ms
26-Sep-2024 04:23:00.249 INFO [main] org.apache.catalina.startup.HostConfig.deployDirectory Deploying web application directory [/workspaces/JSPTOMCAT/apache-tomcat-10.1.30/webapps/host-manager]
26-Sep-2024 04:23:00.294 INFO [main] org.apache.catalina.startup.HostConfig.deployDirectory Deployment of web application directory [/workspaces/JSPTOMCAT/apache-tomcat-10.1.30/webapps/host-manager] has finished in [45] ms
26-Sep-2024 04:23:00.295 INFO [main] org.apache.catalina.startup.HostConfig.deployDirectory Deploying web application directory [/workspaces/JSPTOMCAT/apache-tomcat-10.1.30/webapps/examples]
26-Sep-2024 04:23:00.677 INFO [main] org.apache.catalina.startup.HostConfig.deployDirectory Deployment of web application directory [/workspaces/JSPTOMCAT/apache-tomcat-10.1.30/webapps/examples] has finished in [381] ms
26-Sep-2024 04:23:00.685 INFO [main] org.apache.coyote.AbstractProtocol.start Starting ProtocolHandler ["http-nio-8080"]
26-Sep-2024 04:23:00.695 INFO [main] org.apache.catalina.startup.Catalina.start Server startup in [1164] milliseconds
